[debug] [2017-11-05T19:17:15.018Z] ----------------------------------------------------------------------
[debug] [2017-11-05T19:17:15.020Z] Command:       /usr/local/Cellar/node/7.10.0/bin/node /usr/local/bin/firebase experimental:functions:shell
[debug] [2017-11-05T19:17:15.021Z] CLI Version:   3.14.0
[debug] [2017-11-05T19:17:15.021Z] Platform:      darwin
[debug] [2017-11-05T19:17:15.021Z] Node Version:  v7.10.0
[debug] [2017-11-05T19:17:15.021Z] Time:          Sun Nov 05 2017 13:17:15 GMT-0600 (CST)
[debug] [2017-11-05T19:17:15.021Z] ----------------------------------------------------------------------
[debug] 
[debug] [2017-11-05T19:17:15.035Z] > command requires scopes: ["email","openid","https://www.googleapis.com/auth/cloudplatformprojects.readonly","https://www.googleapis.com/auth/firebase","https://www.googleapis.com/auth/cloud-platform"]
[debug] [2017-11-05T19:17:15.036Z] > authorizing via signed-in user
[debug] [2017-11-05T19:17:15.038Z] >>> HTTP REQUEST GET https://admin.firebase.com/v1/projects/boletia-challenge  
 Sun Nov 05 2017 13:17:15 GMT-0600 (CST)
[debug] [2017-11-05T19:17:15.635Z] <<< HTTP RESPONSE 200
[debug] [2017-11-05T19:17:15.637Z] >>> HTTP REQUEST GET https://admin.firebase.com/v1/database/boletia-challenge/tokens  
 Sun Nov 05 2017 13:17:15 GMT-0600 (CST)
[debug] [2017-11-05T19:17:16.089Z] <<< HTTP RESPONSE 200
[info] i  functions: Preparing to emulate functions.
[debug] [2017-11-05T19:17:16.411Z] >>> HTTP REQUEST GET https://appengine.googleapis.com/v1/apps/boletia-challenge  
 Sun Nov 05 2017 13:17:16 GMT-0600 (CST)
[debug] [2017-11-05T19:17:16.412Z] >>> HTTP REQUEST GET https://apikeys.googleapis.com/v1/projects/boletia-challenge/apiKeys  
 Sun Nov 05 2017 13:17:16 GMT-0600 (CST)
[debug] [2017-11-05T19:17:16.729Z] <<< HTTP RESPONSE 200
[debug] [2017-11-05T19:17:16.837Z] <<< HTTP RESPONSE 200
[debug] [2017-11-05T19:17:23.747Z] ----------------------------------------------------------------------
[debug] [2017-11-05T19:17:23.750Z] Command:       /usr/local/Cellar/node/7.10.0/bin/node /usr/local/bin/firebase experimental:functions:shell
[debug] [2017-11-05T19:17:23.750Z] CLI Version:   3.14.0
[debug] [2017-11-05T19:17:23.750Z] Platform:      darwin
[debug] [2017-11-05T19:17:23.750Z] Node Version:  v7.10.0
[debug] [2017-11-05T19:17:23.751Z] Time:          Sun Nov 05 2017 13:17:23 GMT-0600 (CST)
[debug] [2017-11-05T19:17:23.751Z] ----------------------------------------------------------------------
[debug] 
[debug] [2017-11-05T19:17:23.762Z] > command requires scopes: ["email","openid","https://www.googleapis.com/auth/cloudplatformprojects.readonly","https://www.googleapis.com/auth/firebase","https://www.googleapis.com/auth/cloud-platform"]
[debug] [2017-11-05T19:17:23.762Z] > authorizing via signed-in user
[debug] [2017-11-05T19:17:23.764Z] >>> HTTP REQUEST GET https://admin.firebase.com/v1/projects/boletia-challenge  
 Sun Nov 05 2017 13:17:23 GMT-0600 (CST)
[debug] [2017-11-05T19:17:24.206Z] <<< HTTP RESPONSE 200
[debug] [2017-11-05T19:17:24.208Z] >>> HTTP REQUEST GET https://admin.firebase.com/v1/database/boletia-challenge/tokens  
 Sun Nov 05 2017 13:17:24 GMT-0600 (CST)
[debug] [2017-11-05T19:17:24.673Z] <<< HTTP RESPONSE 200
[info] i  functions: Preparing to emulate functions.
[debug] [2017-11-05T19:17:24.974Z] >>> HTTP REQUEST GET https://appengine.googleapis.com/v1/apps/boletia-challenge  
 Sun Nov 05 2017 13:17:24 GMT-0600 (CST)
[debug] [2017-11-05T19:17:24.975Z] >>> HTTP REQUEST GET https://apikeys.googleapis.com/v1/projects/boletia-challenge/apiKeys  
 Sun Nov 05 2017 13:17:24 GMT-0600 (CST)
[debug] [2017-11-05T19:17:25.290Z] <<< HTTP RESPONSE 200
[debug] [2017-11-05T19:17:25.366Z] <<< HTTP RESPONSE 200
[info] ✔  functions: calculateComissionsAndTotal
